Using pre-set license
Built from '2021.3/staging' branch; Version is '2021.3.11f1 (0a5ca18544bf) revision 679073'; Using compiler version '192829333'; Build Type 'Release'
OS: 'Windows 10  (10.0.19043) 64bit Professional' Language: 'ko' Physical Memory: 32378 MB
BatchMode: 1, IsHumanControllingUs: 0, StartBugReporterOnCrash: 0, Is64bit: 1, IsPro: 1

COMMAND LINE ARGUMENTS:
C:\Program Files\Unity\Hub\Editor\2021.3.11f1\Editor\Unity.exe
-adb2
-batchMode
-noUpm
-name
AssetImportWorker0
-projectPath
C:/Users/104_20/Desktop/동아리/3D 안시현/Gimal/Gimal
-logFile
Logs/AssetImportWorker0.log
-srvPort
54387
Successfully changed project path to: C:/Users/104_20/Desktop/동아리/3D 안시현/Gimal/Gimal
C:/Users/104_20/Desktop/동아리/3D 안시현/Gimal/Gimal
[UnityMemory] Configuration Parameters - Can be set up in boot.config
    "memorysetup-bucket-allocator-granularity=16"
    "memorysetup-bucket-allocator-bucket-count=8"
    "memorysetup-bucket-allocator-block-size=33554432"
    "memorysetup-bucket-allocator-block-count=8"
    "memorysetup-main-allocator-block-size=16777216"
    "memorysetup-thread-allocator-block-size=16777216"
    "memorysetup-gfx-main-allocator-block-size=16777216"
    "memorysetup-gfx-thread-allocator-block-size=16777216"
    "memorysetup-cache-allocator-block-size=4194304"
    "memorysetup-typetree-allocator-block-size=2097152"
    "memorysetup-profiler-bucket-allocator-granularity=16"
    "memorysetup-profiler-bucket-allocator-bucket-count=8"
    "memorysetup-profiler-bucket-allocator-block-size=33554432"
    "memorysetup-profiler-bucket-allocator-block-count=8"
    "memorysetup-profiler-allocator-block-size=16777216"
    "memorysetup-profiler-editor-allocator-block-size=1048576"
    "memorysetup-temp-allocator-size-main=16777216"
    "memorysetup-job-temp-allocator-block-size=2097152"
    "memorysetup-job-temp-allocator-block-size-background=1048576"
    "memorysetup-job-temp-allocator-reduction-small-platforms=262144"
    "memorysetup-temp-allocator-size-background-worker=32768"
    "memorysetup-temp-allocator-size-job-worker=262144"
    "memorysetup-temp-allocator-size-preload-manager=33554432"
    "memorysetup-temp-allocator-size-nav-mesh-worker=65536"
    "memorysetup-temp-allocator-size-audio-worker=65536"
    "memorysetup-temp-allocator-size-cloud-worker=32768"
    "memorysetup-temp-allocator-size-gi-baking-worker=262144"
    "memorysetup-temp-allocator-size-gfx=262144"
Refreshing native plugins compatible for Editor in 61.75 ms, found 3 plugins.
Preloading 0 native plugins for Editor in 0.00 ms.
Initialize engine version: 2021.3.11f1 (0a5ca18544bf)
[Subsystems] Discovering subsystems at path C:/Program Files/Unity/Hub/Editor/2021.3.11f1/Editor/Data/Resources/UnitySubsystems
[Subsystems] Discovering subsystems at path C:/Users/104_20/Desktop/동아리/3D 안시현/Gimal/Gimal/Assets
GfxDevice: creating device client; threaded=0; jobified=0
Direct3D:
    Version:  Direct3D 11.0 [level 11.1]
    Renderer: NVIDIA GeForce RTX 3060 (ID=0x2504)
    Vendor:   NVIDIA
    VRAM:     12142 MB
    Driver:   31.0.15.1702
Initialize mono
Mono path[0] = 'C:/Program Files/Unity/Hub/Editor/2021.3.11f1/Editor/Data/Managed'
Mono path[1] = 'C:/Program Files/Unity/Hub/Editor/2021.3.11f1/Editor/Data/MonoBleedingEdge/lib/mono/unityjit-win32'
Mono config path = 'C:/Program Files/Unity/Hub/Editor/2021.3.11f1/Editor/Data/MonoBleedingEdge/etc'
Using monoOptions --debugger-agent=transport=dt_socket,embedding=1,server=y,suspend=n,address=127.0.0.1:56184
Begin MonoManager ReloadAssembly
Registering precompiled unity dll's ...
Register platform support module: C:/Program Files/Unity/Hub/Editor/2021.3.11f1/Editor/Data/PlaybackEngines/AndroidPlayer/UnityEditor.Android.Extensions.dll
Register platform support module: C:/Program Files/Unity/Hub/Editor/2021.3.11f1/Editor/Data/PlaybackEngines/WindowsStandaloneSupport/UnityEditor.WindowsStandalone.Extensions.dll
Registered in 0.011967 seconds.
Native extension for WindowsStandalone target not found
Native extension for Android target not found
Refreshing native plugins compatible for Editor in 60.77 ms, found 3 plugins.
Preloading 0 native plugins for Editor in 0.00 ms.
Mono: successfully reloaded assembly
- Completed reload, in  0.509 seconds
Domain Reload Profiling:
	ReloadAssembly (509ms)
		BeginReloadAssembly (70ms)
			ExecutionOrderSort (0ms)
			DisableScriptedObjects (0ms)
			BackupInstance (0ms)
			ReleaseScriptingObjects (0ms)
			CreateAndSetChildDomain (1ms)
		EndReloadAssembly (346ms)
			LoadAssemblies (68ms)
			RebuildTransferFunctionScriptingTraits (0ms)
			SetupTypeCache (76ms)
			ReleaseScriptCaches (0ms)
			RebuildScriptCaches (22ms)
			SetupLoadedEditorAssemblies (209ms)
				LogAssemblyErrors (0ms)
				InitializePlatformSupportModulesInManaged (49ms)
				SetLoadedEditorAssemblies (1ms)
				RefreshPlugins (61ms)
				BeforeProcessingInitializeOnLoad (1ms)
				ProcessInitializeOnLoadAttributes (66ms)
				ProcessInitializeOnLoadMethodAttributes (31ms)
				AfterProcessingInitializeOnLoad (0ms)
				EditorAssembliesLoaded (0ms)
			ExecutionOrderSort2 (0ms)
			AwakeInstancesAfterBackupRestoration (0ms)
Platform modules already initialized, skipping
Registering precompiled user dll's ...
Registered in 0.007764 seconds.
Begin MonoManager ReloadAssembly
Symbol file LoadedFromMemory doesn't match image C:\Users\104_20\Desktop\동아리\3D 안시현\Gimal\Gimal\Library\PackageCache\com.unity.visualscripting@1.7.8\Editor\VisualScripting.Core\Dependencies\YamlDotNet\Unity.VisualScripting.YamlDotNet.dll
Symbol file LoadedFromMemory doesn't match image C:\Users\104_20\Desktop\동아리\3D 안시현\Gimal\Gimal\Library\PackageCache\com.unity.visualscripting@1.7.8\Editor\VisualScripting.Core\Dependencies\DotNetZip\Unity.VisualScripting.IonicZip.dll
Native extension for WindowsStandalone target not found
Native extension for Android target not found
Refreshing native plugins compatible for Editor in 0.49 ms, found 3 plugins.
Preloading 0 native plugins for Editor in 0.00 ms.
Mono: successfully reloaded assembly
- Completed reload, in  1.328 seconds
Domain Reload Profiling:
	ReloadAssembly (1329ms)
		BeginReloadAssembly (657ms)
			ExecutionOrderSort (0ms)
			DisableScriptedObjects (4ms)
			BackupInstance (0ms)
			ReleaseScriptingObjects (0ms)
			CreateAndSetChildDomain (575ms)
		EndReloadAssembly (579ms)
			LoadAssemblies (79ms)
			RebuildTransferFunctionScriptingTraits (0ms)
			SetupTypeCache (182ms)
			ReleaseScriptCaches (0ms)
			RebuildScriptCaches (35ms)
			SetupLoadedEditorAssemblies (268ms)
				LogAssemblyErrors (0ms)
				InitializePlatformSupportModulesInManaged (12ms)
				SetLoadedEditorAssemblies (0ms)
				RefreshPlugins (1ms)
				BeforeProcessingInitializeOnLoad (71ms)
				ProcessInitializeOnLoadAttributes (155ms)
				ProcessInitializeOnLoadMethodAttributes (20ms)
				AfterProcessingInitializeOnLoad (10ms)
				EditorAssembliesLoaded (0ms)
			ExecutionOrderSort2 (0ms)
			AwakeInstancesAfterBackupRestoration (4ms)
Platform modules already initialized, skipping
========================================================================
Worker process is ready to serve import requests
Launched and connected shader compiler UnityShaderCompiler.exe after 0.03 seconds
Refreshing native plugins compatible for Editor in 0.72 ms, found 3 plugins.
Preloading 0 native plugins for Editor in 0.00 ms.
Unloading 3380 Unused Serialized files (Serialized files now loaded: 0)
Unloading 27 unused Assets / (113.5 KB). Loaded Objects now: 3839.
Memory consumption went from 120.7 MB to 120.5 MB.
Total: 3.310900 ms (FindLiveObjects: 0.194100 ms CreateObjectMapping: 0.201600 ms MarkObjects: 2.814000 ms  DeleteObjects: 0.100400 ms)

AssetImportParameters requested are different than current active one (requested -> active):
  custom:video-decoder-ogg-theora: a1e56fd34408186e4bbccfd4996cb3dc -> 
  custom:container-muxer-webm: aa71ff27fc2769a1b78a27578f13a17b -> 
  custom:container-demuxer-webm: 4f35f7cbe854078d1ac9338744f61a02 -> 
  custom:video-encoder-webm-vp8: eb34c28f22e8b96e1ab97ce403110664 -> 
  custom:audio-encoder-webm-vorbis: bf7c407c2cedff20999df2af8eb42d56 -> 
  custom:framework-win-MediaFoundation: 216162199b28c13a410421893ffa2e32 -> 
  custom:container-demuxer-ogg: 62fdf1f143b41e24485cea50d1cbac27 -> 
  custom:video-decoder-webm-vp8: 9c59270c3fd7afecdb556c50c9e8de78 -> 
  custom:audio-decoder-ogg-vorbis: bf7c407c2cedff20999df2af8eb42d56 -> 
========================================================================
Received Import Request.
  Time since last request: 3481.493923 seconds.
  path: Assets/Scenes
  artifactKey: Guid(6ea315d0fd7389c41b19996891e99ae3) Importer(815301076,1909f56bfc062723c751e8b465ee728b)
Start importing Assets/Scenes using Guid(6ea315d0fd7389c41b19996891e99ae3) Importer(815301076,1909f56bfc062723c751e8b465ee728b)  -> (artifact id: 'b8193726cff86800c54781cdc6d54904') in 0.006132 seconds 
========================================================================
Received Import Request.
  Time since last request: 0.000013 seconds.
  path: Assets
  artifactKey: Guid(00000000000000001000000000000000) Importer(815301076,1909f56bfc062723c751e8b465ee728b)
Start importing Assets using Guid(00000000000000001000000000000000) Importer(815301076,1909f56bfc062723c751e8b465ee728b)  -> (artifact id: '79842766b460edbeab6a34051e857a80') in 0.002440 seconds 
========================================================================
Received Import Request.
  Time since last request: 31.245489 seconds.
  path: Assets/Models
  artifactKey: Guid(3fc86b4a056f77840abfaa16cd0788cd) Importer(815301076,1909f56bfc062723c751e8b465ee728b)
Start importing Assets/Models using Guid(3fc86b4a056f77840abfaa16cd0788cd) Importer(815301076,1909f56bfc062723c751e8b465ee728b)  -> (artifact id: 'ba9b86e45d836a00035ae1a775bcbc73') in 0.002749 seconds 
========================================================================
Received Import Request.
  Time since last request: 252.740197 seconds.
  path: Assets/Scripts
  artifactKey: Guid(a45a28ae978bd3247b6020ca47065381) Importer(815301076,1909f56bfc062723c751e8b465ee728b)
Start importing Assets/Scripts using Guid(a45a28ae978bd3247b6020ca47065381) Importer(815301076,1909f56bfc062723c751e8b465ee728b)  -> (artifact id: '4b1175e870c0649739b8d06538c95156') in 0.003073 seconds 
========================================================================
Received Import Request.
  Time since last request: 11.705460 seconds.
  path: Assets/SubstanceAssets/Snowmen
  artifactKey: Guid(a25e22fdf7e452e42a2e4b8327aeb889) Importer(815301076,1909f56bfc062723c751e8b465ee728b)
Start importing Assets/SubstanceAssets/Snowmen using Guid(a25e22fdf7e452e42a2e4b8327aeb889) Importer(815301076,1909f56bfc062723c751e8b465ee728b)  -> (artifact id: '05c9a5252c313cd2730dc3aa4bc75f9a') in 0.002897 seconds 
========================================================================
Received Import Request.
  Time since last request: 1.321844 seconds.
  path: Assets/SubstanceAssets/Snowmen/Materials
  artifactKey: Guid(00fc50252f535584488239e1675a038b) Importer(815301076,1909f56bfc062723c751e8b465ee728b)
Start importing Assets/SubstanceAssets/Snowmen/Materials using Guid(00fc50252f535584488239e1675a038b) Importer(815301076,1909f56bfc062723c751e8b465ee728b)  -> (artifact id: '88a00796c1f721bc2c5aa1af86dc00a1') in 0.003417 seconds 
========================================================================
Received Import Request.
  Time since last request: 11.696322 seconds.
  path: Assets/SubstanceAssets/Snowmen/Models
  artifactKey: Guid(e5c1501ba05902f4faeda91bbb954a9b) Importer(815301076,1909f56bfc062723c751e8b465ee728b)
Start importing Assets/SubstanceAssets/Snowmen/Models using Guid(e5c1501ba05902f4faeda91bbb954a9b) Importer(815301076,1909f56bfc062723c751e8b465ee728b)  -> (artifact id: '1e8d4c5487f9d9e09552ebad644ea508') in 0.003542 seconds 
========================================================================
Received Import Request.
  Time since last request: 1.160309 seconds.
  path: Assets/SubstanceAssets/Snowmen/Models/Snowman.fbx
  artifactKey: Guid(2c28203e4a1e47841a36a47021937fd6) Importer(815301076,1909f56bfc062723c751e8b465ee728b)
Start importing Assets/SubstanceAssets/Snowmen/Models/Snowman.fbx using Guid(2c28203e4a1e47841a36a47021937fd6) Importer(815301076,1909f56bfc062723c751e8b465ee728b)  -> (artifact id: '25816a34b29fde844e42a3e0e6ead0f3') in 0.295352 seconds 
========================================================================
Received Import Request.
  Time since last request: 16.648956 seconds.
  path: Assets/SubstanceAssets/Snowmen/Prefabs
  artifactKey: Guid(60de9fedc6e6df744aa8b23aafb8c92b) Importer(815301076,1909f56bfc062723c751e8b465ee728b)
Start importing Assets/SubstanceAssets/Snowmen/Prefabs using Guid(60de9fedc6e6df744aa8b23aafb8c92b) Importer(815301076,1909f56bfc062723c751e8b465ee728b)  -> (artifact id: '4f164501ddd523835ec9e1d98f8ec593') in 0.002816 seconds 
========================================================================
Received Import Request.
  Time since last request: 1.321122 seconds.
  path: Assets/SubstanceAssets/Snowmen/Prefabs/Snowman.prefab
  artifactKey: Guid(7aa5cc66518245c45bf21a915cb1a7ec) Importer(815301076,1909f56bfc062723c751e8b465ee728b)
Start importing Assets/SubstanceAssets/Snowmen/Prefabs/Snowman.prefab using Guid(7aa5cc66518245c45bf21a915cb1a7ec) Importer(815301076,1909f56bfc062723c751e8b465ee728b)  -> (artifact id: 'df9f0eebf3d25e14f2f2a09b61e069e9') in 0.179372 seconds 
========================================================================
Received Import Request.
  Time since last request: 2.045122 seconds.
  path: Assets/SubstanceAssets/Snowmen/Textures/Color_BlueRed.png
  artifactKey: Guid(17e32b1336c6ba84b9f14c36b2cd61b4) Importer(815301076,1909f56bfc062723c751e8b465ee728b)
Start importing Assets/SubstanceAssets/Snowmen/Textures/Color_BlueRed.png using Guid(17e32b1336c6ba84b9f14c36b2cd61b4) Importer(815301076,1909f56bfc062723c751e8b465ee728b)  -> (artifact id: 'aa9067b3670cb759389e4e2b76423059') in 0.016836 seconds 
========================================================================
Received Import Request.
  Time since last request: 4.977011 seconds.
  path: Assets/SubstanceAssets/Snowmen/DemoScene.unity
  artifactKey: Guid(12488bae2fb966a418b14c7ef88ecdd4) Importer(815301076,1909f56bfc062723c751e8b465ee728b)
Start importing Assets/SubstanceAssets/Snowmen/DemoScene.unity using Guid(12488bae2fb966a418b14c7ef88ecdd4) Importer(815301076,1909f56bfc062723c751e8b465ee728b)  -> (artifact id: 'ec18461bc5690eb0c693e5fb738b1033') in 0.003159 seconds 
========================================================================
Received Import Request.
  Time since last request: 24.126627 seconds.
  path: Assets/Scenes/SampleScene.unity
  artifactKey: Guid(9fc0d4010bbf28b4594072e72b8655ab) Importer(815301076,1909f56bfc062723c751e8b465ee728b)
Start importing Assets/Scenes/SampleScene.unity using Guid(9fc0d4010bbf28b4594072e72b8655ab) Importer(815301076,1909f56bfc062723c751e8b465ee728b)  -> (artifact id: '755518c23f33c27a9c8d0fbc1755062c') in 0.002946 seconds 
